app/build/outputs/logs/manifest-merger-debug-report.txt
-- Merging decision tree log ---
manifest
ADDED from src/main/AndroidManifest.xml:2:1-46:12
	xmlns:android
		ADDED from src/main/AndroidManifest.xml:2:11-69
	package
		ADDED from src/main/AndroidManifest.xml:3:5-36
		INJECTED from src/main/AndroidManifest.xml
		INJECTED from src/main/AndroidManifest.xml
	android:versionName
		ADDED from src/main/AndroidManifest.xml:5:5-32
		INJECTED from src/main/AndroidManifest.xml
		INJECTED from src/main/AndroidManifest.xml
	android:versionCode
		ADDED from src/main/AndroidManifest.xml:4:5-35
		INJECTED from src/main/AndroidManifest.xml
		INJECTED from src/main/AndroidManifest.xml
application
ADDED from src/main/AndroidManifest.xml:7:5-37:19
	android:label
		ADDED from src/main/AndroidManifest.xml:9:9-41
	android:icon
		ADDED from src/main/AndroidManifest.xml:8:9-38
activity#org.androidpn.demoapp.DemoAppActivity
ADDED from src/main/AndroidManifest.xml:10:9-17:20
	android:label
		ADDED from src/main/AndroidManifest.xml:12:13-45
	android:name
		ADDED from src/main/AndroidManifest.xml:11:13-44
intent-filter#android.intent.action.MAIN+android.intent.category.LAUNCHER
ADDED from src/main/AndroidManifest.xml:13:13-16:29
action#android.intent.action.MAIN
ADDED from src/main/AndroidManifest.xml:14:17-69
	android:name
		ADDED from src/main/AndroidManifest.xml:14:25-66
category#android.intent.category.LAUNCHER
ADDED from src/main/AndroidManifest.xml:15:17-77
	android:name
		ADDED from src/main/AndroidManifest.xml:15:27-74
activity#org.androidpn.client.NotificationDetailsActivity
ADDED from src/main/AndroidManifest.xml:18:9-20:61
	android:label
		ADDED from src/main/AndroidManifest.xml:20:13-49
	android:name
		ADDED from src/main/AndroidManifest.xml:19:13-76
activity#org.androidpn.client.NotificationSettingsActivity
ADDED from src/main/AndroidManifest.xml:21:9-23:62
	android:label
		ADDED from src/main/AndroidManifest.xml:23:13-50
	android:name
		ADDED from src/main/AndroidManifest.xml:22:13-77
service#org.androidpn.client.NotificationService
ADDED from src/main/AndroidManifest.xml:25:9-32:19
	android:label
		ADDED from src/main/AndroidManifest.xml:28:13-48
	android:enabled
		ADDED from src/main/AndroidManifest.xml:27:13-35
	android:name
		ADDED from src/main/AndroidManifest.xml:26:13-68
intent-filter#org.androidpn.client.NotificationService
ADDED from src/main/AndroidManifest.xml:29:13-31:29
action#org.androidpn.client.NotificationService
ADDED from src/main/AndroidManifest.xml:30:17-83
	android:name
		ADDED from src/main/AndroidManifest.xml:30:25-80
uses-sdk
ADDED from src/main/AndroidManifest.xml:38:5-43
	android:targetSdkVersion
		INJECTED from src/main/AndroidManifest.xml
		INJECTED from src/main/AndroidManifest.xml
	android:minSdkVersion
		ADDED from src/main/AndroidManifest.xml:38:15-40
		INJECTED from src/main/AndroidManifest.xml
		INJECTED from src/main/AndroidManifest.xml
uses-permission#android.permission.READ_PHONE_STATE
ADDED from src/main/AndroidManifest.xml:40:5-75
	android:name
		ADDED from src/main/AndroidManifest.xml:40:22-72
uses-permission#android.permission.ACCESS_NETWORK_STATE
ADDED from src/main/AndroidManifest.xml:41:5-79
	android:name
		ADDED from src/main/AndroidManifest.xml:41:22-76
uses-permission#android.permission.INTERNET
ADDED from src/main/AndroidManifest.xml:42:5-67
	android:name
		ADDED from src/main/AndroidManifest.xml:42:22-64
uses-permission#android.permission.ACCESS_WIFI_STATE
ADDED from src/main/AndroidManifest.xml:43:5-76
	android:name
		ADDED from src/main/AndroidManifest.xml:43:22-73
uses-permission#android.permission.CHANGE_WIFI_STATE
ADDED from src/main/AndroidManifest.xml:44:5-76
	android:name
		ADDED from src/main/AndroidManifest.xml:44:22-73
uses-permission#android.permission.VIBRATE
ADDED from src/main/AndroidManifest.xml:45:5-66
	android:name
		ADDED from src/main/AndroidManifest.xml:45:22-63